[ 2018-06-29T00:59:37+08:00 ] 123.125.71.16 /
INFO: [ app_init ] --START--
INFO: Run Behavior\BuildLiteBehavior [ RunTime:0.000020s ]
INFO: [ app_init ] --END-- [ RunTime:0.000415s ]
INFO: [ app_begin ] --START--
INFO: Run Behavior\ReadHtmlCacheBehavior [ RunTime:0.000518s ]
INFO: [ app_begin ] --END-- [ RunTime:0.000568s ]
INFO: [ view_parse ] --START--
INFO: [ template_filter ] --START--
INFO: Run Behavior\ContentReplaceBehavior [ RunTime:0.000188s ]
INFO: [ template_filter ] --END-- [ RunTime:0.000263s ]
INFO: Run Behavior\ParseTemplateBehavior [ RunTime:0.013376s ]
INFO: [ view_parse ] --END-- [ RunTime:0.013421s ]
INFO: [ view_filter ] --START--
INFO: Run Behavior\WriteHtmlCacheBehavior [ RunTime:0.000287s ]
INFO: [ view_filter ] --END-- [ RunTime:0.000331s ]
INFO: [ app_end ] --START--
INFO: Run Behavior\ShowPageTraceBehavior [ RunTime:0.000558s ]
INFO: [ app_end ] --END-- [ RunTime:0.000597s ]

[ 2018-06-29T01:15:21+08:00 ] 104.239.149.11 /
INFO: [ app_init ] --START--
INFO: Run Behavior\BuildLiteBehavior [ RunTime:0.000019s ]
INFO: [ app_init ] --END-- [ RunTime:0.000377s ]
INFO: [ app_begin ] --START--
INFO: Run Behavior\ReadHtmlCacheBehavior [ RunTime:0.000443s ]
INFO: [ app_begin ] --END-- [ RunTime:0.000491s ]
INFO: [ view_parse ] --START--
INFO: [ template_filter ] --START--
INFO: Run Behavior\ContentReplaceBehavior [ RunTime:0.000195s ]
INFO: [ template_filter ] --END-- [ RunTime:0.000258s ]
INFO: Run Behavior\ParseTemplateBehavior [ RunTime:0.012635s ]
INFO: [ view_parse ] --END-- [ RunTime:0.012681s ]
INFO: [ view_filter ] --START--
INFO: Run Behavior\WriteHtmlCacheBehavior [ RunTime:0.000277s ]
INFO: [ view_filter ] --END-- [ RunTime:0.000311s ]
INFO: [ app_end ] --START--
INFO: Run Behavior\ShowPageTraceBehavior [ RunTime:0.000599s ]
INFO: [ app_end ] --END-- [ RunTime:0.000648s ]

[ 2018-06-29T03:44:51+08:00 ] 47.88.168.99 /
INFO: [ app_init ] --START--
INFO: Run Behavior\BuildLiteBehavior [ RunTime:0.000019s ]
INFO: [ app_init ] --END-- [ RunTime:0.000524s ]
INFO: [ app_begin ] --START--
INFO: Run Behavior\ReadHtmlCacheBehavior [ RunTime:0.000586s ]
INFO: [ app_begin ] --END-- [ RunTime:0.000647s ]
INFO: [ view_parse ] --START--
INFO: [ template_filter ] --START--
INFO: Run Behavior\ContentReplaceBehavior [ RunTime:0.000195s ]
INFO: [ template_filter ] --END-- [ RunTime:0.000267s ]
INFO: Run Behavior\ParseTemplateBehavior [ RunTime:0.014425s ]
INFO: [ view_parse ] --END-- [ RunTime:0.014479s ]
INFO: [ view_filter ] --START--
INFO: Run Behavior\WriteHtmlCacheBehavior [ RunTime:0.000217s ]
INFO: [ view_filter ] --END-- [ RunTime:0.000254s ]
INFO: [ app_end ] --START--
INFO: Run Behavior\ShowPageTraceBehavior [ RunTime:0.000655s ]
INFO: [ app_end ] --END-- [ RunTime:0.000693s ]

[ 2018-06-29T05:23:07+08:00 ] 104.239.149.11 /
INFO: [ app_init ] --START--
INFO: Run Behavior\BuildLiteBehavior [ RunTime:0.000016s ]
INFO: [ app_init ] --END-- [ RunTime:0.000418s ]
INFO: [ app_begin ] --START--
INFO: Run Behavior\ReadHtmlCacheBehavior [ RunTime:0.000501s ]
INFO: [ app_begin ] --END-- [ RunTime:0.000558s ]
INFO: [ view_parse ] --START--
INFO: [ template_filter ] --START--
INFO: Run Behavior\ContentReplaceBehavior [ RunTime:0.000244s ]
INFO: [ template_filter ] --END-- [ RunTime:0.000320s ]
INFO: Run Behavior\ParseTemplateBehavior [ RunTime:0.013377s ]
INFO: [ view_parse ] --END-- [ RunTime:0.013433s ]
INFO: [ view_filter ] --START--
INFO: Run Behavior\WriteHtmlCacheBehavior [ RunTime:0.000221s ]
INFO: [ view_filter ] --END-- [ RunTime:0.000256s ]
INFO: [ app_end ] --START--
INFO: Run Behavior\ShowPageTraceBehavior [ RunTime:0.000525s ]
INFO: [ app_end ] --END-- [ RunTime:0.000580s ]

[ 2018-06-29T05:54:25+08:00 ] 106.11.242.46 /
INFO: [ app_init ] --START--
INFO: Run Behavior\BuildLiteBehavior [ RunTime:0.000016s ]
INFO: [ app_init ] --END-- [ RunTime:0.000391s ]
INFO: [ app_begin ] --START--
INFO: Run Behavior\ReadHtmlCacheBehavior [ RunTime:0.000456s ]
INFO: [ app_begin ] --END-- [ RunTime:0.000502s ]
INFO: [ view_parse ] --START--
INFO: [ template_filter ] --START--
INFO: Run Behavior\ContentReplaceBehavior [ RunTime:0.000270s ]
INFO: [ template_filter ] --END-- [ RunTime:0.000327s ]
INFO: Run Behavior\ParseTemplateBehavior [ RunTime:0.013216s ]
INFO: [ view_parse ] --END-- [ RunTime:0.013294s ]
INFO: [ view_filter ] --START--
INFO: Run Behavior\WriteHtmlCacheBehavior [ RunTime:0.000243s ]
INFO: [ view_filter ] --END-- [ RunTime:0.000284s ]
INFO: [ app_end ] --START--
INFO: Run Behavior\ShowPageTraceBehavior [ RunTime:0.000478s ]
INFO: [ app_end ] --END-- [ RunTime:0.000518s ]

[ 2018-06-29T08:59:45+08:00 ] 123.125.71.14 /
INFO: [ app_init ] --START--
INFO: Run Behavior\BuildLiteBehavior [ RunTime:0.000015s ]
INFO: [ app_init ] --END-- [ RunTime:0.000380s ]
INFO: [ app_begin ] --START--
INFO: Run Behavior\ReadHtmlCacheBehavior [ RunTime:0.000507s ]
INFO: [ app_begin ] --END-- [ RunTime:0.000553s ]
INFO: [ view_parse ] --START--
INFO: [ template_filter ] --START--
INFO: Run Behavior\ContentReplaceBehavior [ RunTime:0.000175s ]
INFO: [ template_filter ] --END-- [ RunTime:0.000252s ]
INFO: Run Behavior\ParseTemplateBehavior [ RunTime:0.012914s ]
INFO: [ view_parse ] --END-- [ RunTime:0.012961s ]
INFO: [ view_filter ] --START--
INFO: Run Behavior\WriteHtmlCacheBehavior [ RunTime:0.000221s ]
INFO: [ view_filter ] --END-- [ RunTime:0.000256s ]
INFO: [ app_end ] --START--
INFO: Run Behavior\ShowPageTraceBehavior [ RunTime:0.000492s ]
INFO: [ app_end ] --END-- [ RunTime:0.000531s ]

[ 2018-06-29T11:35:52+08:00 ] 142.234.202.160 /
INFO: [ app_init ] --START--
INFO: Run Behavior\BuildLiteBehavior [ RunTime:0.000023s ]
INFO: [ app_init ] --END-- [ RunTime:0.000429s ]
INFO: [ app_begin ] --START--
INFO: Run Behavior\ReadHtmlCacheBehavior [ RunTime:0.000542s ]
INFO: [ app_begin ] --END-- [ RunTime:0.000590s ]
INFO: [ view_parse ] --START--
INFO: [ template_filter ] --START--
INFO: Run Behavior\ContentReplaceBehavior [ RunTime:0.000224s ]
INFO: [ template_filter ] --END-- [ RunTime:0.000306s ]
INFO: Run Behavior\ParseTemplateBehavior [ RunTime:0.014184s ]
INFO: [ view_parse ] --END-- [ RunTime:0.014231s ]
INFO: [ view_filter ] --START--
INFO: Run Behavior\WriteHtmlCacheBehavior [ RunTime:0.000229s ]
INFO: [ view_filter ] --END-- [ RunTime:0.000263s ]
INFO: [ app_end ] --START--
INFO: Run Behavior\ShowPageTraceBehavior [ RunTime:0.000584s ]
INFO: [ app_end ] --END-- [ RunTime:0.000623s ]

[ 2018-06-29T17:01:51+08:00 ] 220.181.108.123 /
INFO: [ app_init ] --START--
INFO: Run Behavior\BuildLiteBehavior [ RunTime:0.000034s ]
INFO: [ app_init ] --END-- [ RunTime:0.000407s ]
INFO: [ app_begin ] --START--
INFO: Run Behavior\ReadHtmlCacheBehavior [ RunTime:0.000499s ]
INFO: [ app_begin ] --END-- [ RunTime:0.000550s ]
INFO: [ view_parse ] --START--
INFO: [ template_filter ] --START--
INFO: Run Behavior\ContentReplaceBehavior [ RunTime:0.000211s ]
INFO: [ template_filter ] --END-- [ RunTime:0.000282s ]
INFO: Run Behavior\ParseTemplateBehavior [ RunTime:0.013289s ]
INFO: [ view_parse ] --END-- [ RunTime:0.013335s ]
INFO: [ view_filter ] --START--
INFO: Run Behavior\WriteHtmlCacheBehavior [ RunTime:0.000223s ]
INFO: [ view_filter ] --END-- [ RunTime:0.000259s ]
INFO: [ app_end ] --START--
INFO: Run Behavior\ShowPageTraceBehavior [ RunTime:0.000549s ]
INFO: [ app_end ] --END-- [ RunTime:0.000616s ]

[ 2018-06-29T18:18:59+08:00 ] 106.11.225.186 /
INFO: [ app_init ] --START--
INFO: Run Behavior\BuildLiteBehavior [ RunTime:0.000024s ]
INFO: [ app_init ] --END-- [ RunTime:0.000460s ]
INFO: [ app_begin ] --START--
INFO: Run Behavior\ReadHtmlCacheBehavior [ RunTime:0.000486s ]
INFO: [ app_begin ] --END-- [ RunTime:0.000531s ]
INFO: [ view_parse ] --START--
INFO: [ template_filter ] --START--
INFO: Run Behavior\ContentReplaceBehavior [ RunTime:0.000306s ]
INFO: [ template_filter ] --END-- [ RunTime:0.000419s ]
INFO: Run Behavior\ParseTemplateBehavior [ RunTime:0.052129s ]
INFO: [ view_parse ] --END-- [ RunTime:0.052252s ]
INFO: [ view_filter ] --START--
INFO: Run Behavior\WriteHtmlCacheBehavior [ RunTime:0.000358s ]
INFO: [ view_filter ] --END-- [ RunTime:0.000404s ]
INFO: [ app_end ] --START--
INFO: Run Behavior\ShowPageTraceBehavior [ RunTime:0.000563s ]
INFO: [ app_end ] --END-- [ RunTime:0.000613s ]

