[ 2018-04-17T15:08:39+08:00 ] 125.71.49.107 /Public/liancheng//Public/liancheng/img/work2.jpg
INFO: [ app_init ] --START--
INFO: Run Behavior\BuildLiteBehavior [ RunTime:0.000016s ]
INFO: [ app_init ] --END-- [ RunTime:0.000378s ]
ERR: 无法加载模块:Public

[ 2018-04-17T15:09:51+08:00 ] 125.71.49.107 /Public/liancheng//Public/liancheng/img/work2.jpg
INFO: [ app_init ] --START--
INFO: Run Behavior\BuildLiteBehavior [ RunTime:0.000015s ]
INFO: [ app_init ] --END-- [ RunTime:0.000394s ]
ERR: 无法加载模块:Public

[ 2018-04-17T15:13:23+08:00 ] 223.104.35.25 /Public/liancheng//Public/liancheng/img/work2.jpg
INFO: [ app_init ] --START--
INFO: Run Behavior\BuildLiteBehavior [ RunTime:0.000015s ]
INFO: [ app_init ] --END-- [ RunTime:0.000380s ]
ERR: 无法加载模块:Public

[ 2018-04-17T15:13:27+08:00 ] 223.104.35.25 /Public/liancheng//Public/liancheng/img/work2.jpg
INFO: [ app_init ] --START--
INFO: Run Behavior\BuildLiteBehavior [ RunTime:0.000016s ]
INFO: [ app_init ] --END-- [ RunTime:0.000450s ]
ERR: 无法加载模块:Public

