[ 2018-08-16T02:33:25+08:00 ] 220.181.108.92 /robots.txt
INFO: [ app_init ] --START--
INFO: Run Behavior\BuildLiteBehavior [ RunTime:0.000023s ]
INFO: [ app_init ] --END-- [ RunTime:0.000643s ]
ERR: 无法加载模块:Robots

[ 2018-08-16T20:25:00+08:00 ] 137.175.11.218 /admin/eWeb/Admin_Login.asp
INFO: [ app_init ] --START--
INFO: Run Behavior\BuildLiteBehavior [ RunTime:0.000019s ]
INFO: [ app_init ] --END-- [ RunTime:0.000378s ]
ERR: 无法加载模块:Admin

[ 2018-08-16T20:25:01+08:00 ] 137.175.11.218 /sys/doc9/admin/login.asp
INFO: [ app_init ] --START--
INFO: Run Behavior\BuildLiteBehavior [ RunTime:0.000018s ]
INFO: [ app_init ] --END-- [ RunTime:0.000428s ]
ERR: 无法加载模块:Sys

[ 2018-08-16T20:25:01+08:00 ] 137.175.11.218 /adminpic/eWebEditor_v280/Admin_Login.asp
INFO: [ app_init ] --START--
INFO: Run Behavior\BuildLiteBehavior [ RunTime:0.000019s ]
INFO: [ app_init ] --END-- [ RunTime:0.000569s ]
ERR: 无法加载模块:Adminpic

[ 2018-08-16T20:25:02+08:00 ] 137.175.11.218 /Management/HTMLEDIT/Admin_Login.asp
INFO: [ app_init ] --START--
INFO: Run Behavior\BuildLiteBehavior [ RunTime:0.000019s ]
INFO: [ app_init ] --END-- [ RunTime:0.000457s ]
ERR: 无法加载模块:Management

[ 2018-08-16T20:25:03+08:00 ] 137.175.11.218 /admin/include/eWebEditor/Admin_Login.asp
INFO: [ app_init ] --START--
INFO: Run Behavior\BuildLiteBehavior [ RunTime:0.000019s ]
INFO: [ app_init ] --END-- [ RunTime:0.000421s ]
ERR: 无法加载模块:Admin

