[ 2018-08-31T00:24:37+08:00 ] 91.210.145.161 /blog/
INFO: [ app_init ] --START--
INFO: Run Behavior\BuildLiteBehavior [ RunTime:0.000019s ]
INFO: [ app_init ] --END-- [ RunTime:0.000492s ]
ERR: 无法加载模块:Blog

[ 2018-08-31T02:04:58+08:00 ] 123.125.67.163 /robots.txt
INFO: [ app_init ] --START--
INFO: Run Behavior\BuildLiteBehavior [ RunTime:0.000023s ]
INFO: [ app_init ] --END-- [ RunTime:0.000414s ]
ERR: 无法加载模块:Robots

[ 2018-08-31T17:48:27+08:00 ] 137.175.11.218 /upload/asp/upload_json.asp?dir=Image
INFO: [ app_init ] --START--
INFO: Run Behavior\BuildLiteBehavior [ RunTime:0.000018s ]
INFO: [ app_init ] --END-- [ RunTime:0.000448s ]
ERR: 无法加载模块:Upload

[ 2018-08-31T17:48:28+08:00 ] 137.175.11.218 /bianji/asp/upload_json.asp?dir=Image
INFO: [ app_init ] --START--
INFO: Run Behavior\BuildLiteBehavior [ RunTime:0.000019s ]
INFO: [ app_init ] --END-- [ RunTime:0.000394s ]
ERR: 无法加载模块:Bianji

[ 2018-08-31T17:48:28+08:00 ] 137.175.11.218 /AdminBeat/Keditor/asp/upload_json.asp?dir=Image
INFO: [ app_init ] --START--
INFO: Run Behavior\BuildLiteBehavior [ RunTime:0.000017s ]
INFO: [ app_init ] --END-- [ RunTime:0.000397s ]
ERR: 无法加载模块:AdminBeat

[ 2018-08-31T17:48:29+08:00 ] 137.175.11.218 /admin/upload_json.asp?dir=Image
INFO: [ app_init ] --START--
INFO: Run Behavior\BuildLiteBehavior [ RunTime:0.000023s ]
INFO: [ app_init ] --END-- [ RunTime:0.000517s ]
ERR: 无法加载模块:Admin

