[ 2018-08-04T02:13:33+08:00 ] 123.125.67.165 /robots.txt
INFO: [ app_init ] --START--
INFO: Run Behavior\BuildLiteBehavior [ RunTime:0.000020s ]
INFO: [ app_init ] --END-- [ RunTime:0.000428s ]
ERR: 无法加载模块:Robots

[ 2018-08-04T20:18:44+08:00 ] 158.69.117.141 /robots.txt
INFO: [ app_init ] --START--
INFO: Run Behavior\BuildLiteBehavior [ RunTime:0.000021s ]
INFO: [ app_init ] --END-- [ RunTime:0.002480s ]
ERR: 无法加载模块:Robots

[ 2018-08-04T20:18:45+08:00 ] 158.69.117.141 /sitemap.xml
INFO: [ app_init ] --START--
INFO: Run Behavior\BuildLiteBehavior [ RunTime:0.000020s ]
INFO: [ app_init ] --END-- [ RunTime:0.000458s ]
ERR: 无法加载模块:Sitemap

[ 2018-08-04T20:18:47+08:00 ] 158.69.117.141 /ads.txt
INFO: [ app_init ] --START--
INFO: Run Behavior\BuildLiteBehavior [ RunTime:0.002046s ]
INFO: [ app_init ] --END-- [ RunTime:0.002441s ]
ERR: 无法加载模块:Ads

