[ 2018-07-17T01:38:25+08:00 ] 123.125.67.225 /robots.txt
INFO: [ app_init ] --START--
INFO: Run Behavior\BuildLiteBehavior [ RunTime:0.000054s ]
INFO: [ app_init ] --END-- [ RunTime:0.000459s ]
ERR: 无法加载模块:Robots

[ 2018-07-17T14:55:36+08:00 ] 125.69.120.40 /favicon.ico
INFO: [ app_init ] --START--
INFO: Run Behavior\BuildLiteBehavior [ RunTime:0.000019s ]
INFO: [ app_init ] --END-- [ RunTime:0.000414s ]
ERR: 无法加载模块:Favicon

[ 2018-07-17T19:41:01+08:00 ] 125.69.120.40 /favicon.ico
INFO: [ app_init ] --START--
INFO: Run Behavior\BuildLiteBehavior [ RunTime:0.000018s ]
INFO: [ app_init ] --END-- [ RunTime:0.000407s ]
ERR: 无法加载模块:Favicon

[ 2018-07-17T20:10:13+08:00 ] 125.69.120.40 /favicon.ico
INFO: [ app_init ] --START--
INFO: Run Behavior\BuildLiteBehavior [ RunTime:0.000017s ]
INFO: [ app_init ] --END-- [ RunTime:0.000419s ]
ERR: 无法加载模块:Favicon

